[debug] [2021-02-03T07:18:16.426Z] ----------------------------------------------------------------------
[debug] [2021-02-03T07:18:16.428Z] Command:       C:\Program Files\nodejs\node.exe C:\Users\hkmau\AppData\Roaming\npm\node_modules\firebase-tools\lib\bin\firebase.js emulators:start --only functions
[debug] [2021-02-03T07:18:16.428Z] CLI Version:   9.3.0
[debug] [2021-02-03T07:18:16.428Z] Platform:      win32
[debug] [2021-02-03T07:18:16.428Z] Node Version:  v12.10.0
[debug] [2021-02-03T07:18:16.429Z] Time:          Wed Feb 03 2021 12:48:16 GMT+0530 (India Standard Time)
[debug] [2021-02-03T07:18:16.429Z] ----------------------------------------------------------------------
[debug] [2021-02-03T07:18:16.429Z] 
[debug] [2021-02-03T07:18:16.437Z] > command requires scopes: ["email","openid","https://www.googleapis.com/auth/cloudplatformprojects.readonly","https://www.googleapis.com/auth/firebase","https://www.googleapis.com/auth/cloud-platform"]
[debug] [2021-02-03T07:18:16.438Z] > authorizing via signed-in user
[info] i  emulators: Starting emulators: functions {"metadata":{"emulator":{"name":"hub"},"message":"Starting emulators: functions"}}
[debug] [2021-02-03T07:18:18.509Z] [hub] writing locator at C:\Users\hkmau\AppData\Local\Temp\hub-interndemo-25232.json
[warn] !  functions: The following emulators are not running, calls to these services from the Functions emulator will affect production: auth, firestore, database, hosting, pubsub {"metadata":{"emulator":{"name":"functions"},"message":"The following emulators are not running, calls to these services from the Functions emulator will affect production: \u001b[1mauth, firestore, database, hosting, pubsub\u001b[22m"}}
[info] +  functions: Using node@12 from host. {"metadata":{"emulator":{"name":"functions"},"message":"Using node@12 from host."}}
[debug] [2021-02-03T07:18:20.577Z] defaultcredentials: writing to file C:\Users\hkmau\AppData\Roaming\firebase\hackbrohkm_gmail_com_application_default_credentials.json
[debug] [2021-02-03T07:18:20.579Z] Setting GAC to C:\Users\hkmau\AppData\Roaming\firebase\hackbrohkm_gmail_com_application_default_credentials.json {"metadata":{"emulator":{"name":"functions"},"message":"Setting GAC to C:\\Users\\hkmau\\AppData\\Roaming\\firebase\\hackbrohkm_gmail_com_application_default_credentials.json"}}
[debug] [2021-02-03T07:18:20.582Z] >>> [apiv2][query] GET https://firebase.googleapis.com/v1beta1/projects/interndemo-25232/adminSdkConfig [none]
[debug] [2021-02-03T07:18:21.203Z] <<< [apiv2][status] GET https://firebase.googleapis.com/v1beta1/projects/interndemo-25232/adminSdkConfig 403
[debug] [2021-02-03T07:18:21.203Z] <<< [apiv2][body] GET https://firebase.googleapis.com/v1beta1/projects/interndemo-25232/adminSdkConfig {"error":{"code":403,"message":"The caller does not have permission","status":"PERMISSION_DENIED"}}
[debug] [2021-02-03T07:18:21.203Z] Failed to get Admin SDK config for interndemo-25232, falling back to cache Failed to get Admin SDK for Firebase project interndemo-25232. Please make sure the project exists and your account has permission to access it. {"name":"FirebaseError","children":[],"exit":2,"message":"Failed to get Admin SDK for Firebase project interndemo-25232. Please make sure the project exists and your account has permission to access it.","original":{"name":"FirebaseError","children":[],"context":{"body":{"error":{"code":403,"message":"The caller does not have permission","status":"PERMISSION_DENIED"}},"response":{"statusCode":403}},"exit":1,"message":"HTTP Error: 403, The caller does not have permission","status":403},"status":500}
[warn] !  functions: Unable to fetch project Admin SDK configuration, Admin SDK behavior in Cloud Functions emulator may be incorrect. {"metadata":{"emulator":{"name":"functions"},"message":"Unable to fetch project Admin SDK configuration, Admin SDK behavior in Cloud Functions emulator may be incorrect."}}
[debug] [2021-02-03T07:18:25.280Z] Ignoring unsupported arg: auto_download {"metadata":{"emulator":{"name":"ui"},"message":"Ignoring unsupported arg: auto_download"}}
[debug] [2021-02-03T07:18:25.281Z] Ignoring unsupported arg: port {"metadata":{"emulator":{"name":"ui"},"message":"Ignoring unsupported arg: port"}}
[debug] [2021-02-03T07:18:25.281Z] Starting Emulator UI with command {"binary":"node","args":["C:\\Users\\hkmau\\.cache\\firebase\\emulators\\ui-v1.4.1\\server.bundle.js"],"optionalArgs":[],"joinArgs":false} {"metadata":{"emulator":{"name":"ui"},"message":"Starting Emulator UI with command {\"binary\":\"node\",\"args\":[\"C:\\\\Users\\\\hkmau\\\\.cache\\\\firebase\\\\emulators\\\\ui-v1.4.1\\\\server.bundle.js\"],\"optionalArgs\":[],\"joinArgs\":false}"}}
[info] i  ui: Emulator UI logging to ui-debug.log {"metadata":{"emulator":{"name":"ui"},"message":"Emulator UI logging to \u001b[1mui-debug.log\u001b[22m"}}
[debug] [2021-02-03T07:18:25.386Z] Web / API server started at http://localhost:4000
 {"metadata":{"emulator":{"name":"ui"},"message":"Web / API server started at http://localhost:4000\n"}}
[info] i  functions: Watching "D:\hackathon\hacked\hacked-Project\edu_functions\functions" for Cloud Functions... {"metadata":{"emulator":{"name":"functions"},"message":"Watching \"D:\\hackathon\\hacked\\hacked-Project\\edu_functions\\functions\" for Cloud Functions..."}}
[debug] [2021-02-03T07:18:25.819Z] [worker-pool] addWorker(~diagnostic~) {"metadata":{"emulator":{"name":"functions"},"message":"[worker-pool] addWorker(~diagnostic~)"}}
[debug] [2021-02-03T07:18:25.819Z] [worker-pool] Adding worker with key ~diagnostic~, total=1 {"metadata":{"emulator":{"name":"functions"},"message":"[worker-pool] Adding worker with key ~diagnostic~, total=1"}}
[debug] [2021-02-03T07:18:25.819Z] [worker-pool] submitWork(triggerId=) {"metadata":{"emulator":{"name":"functions"},"message":"[worker-pool] submitWork(triggerId=)"}}
[debug] [2021-02-03T07:18:25.819Z] [worker-~diagnostic~-5baca961-62c2-43ba-b8c9-9c688876f3d4]: Assigning socketPath: \\?\pipe\D:\hackathon\hacked\hacked-Project\edu_functions\functions\17740 {"metadata":{"emulator":{"name":"functions"},"message":"[worker-~diagnostic~-5baca961-62c2-43ba-b8c9-9c688876f3d4]: Assigning socketPath: \\\\?\\pipe\\D:\\hackathon\\hacked\\hacked-Project\\edu_functions\\functions\\17740"}}
[debug] [2021-02-03T07:18:25.819Z] [worker-~diagnostic~-5baca961-62c2-43ba-b8c9-9c688876f3d4]: BUSY {"metadata":{"emulator":{"name":"functions"},"message":"[worker-~diagnostic~-5baca961-62c2-43ba-b8c9-9c688876f3d4]: BUSY"}}
[debug] [2021-02-03T07:18:25.991Z] [runtime-status] [17740] Functions runtime initialized. {"cwd":"D:\\hackathon\\hacked\\hacked-Project\\edu_functions\\functions","node_version":"12.10.0"} {"metadata":{"emulator":{"name":"functions"},"message":"[runtime-status] [17740] Functions runtime initialized. {\"cwd\":\"D:\\\\hackathon\\\\hacked\\\\hacked-Project\\\\edu_functions\\\\functions\",\"node_version\":\"12.10.0\"}"}}
[debug] [2021-02-03T07:18:25.992Z] [runtime-status] [17740] Disabled runtime features: undefined {"metadata":{"emulator":{"name":"functions"},"message":"[runtime-status] [17740] Disabled runtime features: undefined"}}
[debug] [2021-02-03T07:18:25.994Z] [runtime-status] [17740] Resolved module firebase-admin {"declared":true,"installed":true,"version":"9.4.2","resolution":"D:\\hackathon\\hacked\\hacked-Project\\edu_functions\\functions\\node_modules\\firebase-admin\\lib\\index.js"} {"metadata":{"emulator":{"name":"functions"},"message":"[runtime-status] [17740] Resolved module firebase-admin {\"declared\":true,\"installed\":true,\"version\":\"9.4.2\",\"resolution\":\"D:\\\\hackathon\\\\hacked\\\\hacked-Project\\\\edu_functions\\\\functions\\\\node_modules\\\\firebase-admin\\\\lib\\\\index.js\"}"}}
[debug] [2021-02-03T07:18:25.995Z] [runtime-status] [17740] Resolved module firebase-functions {"declared":true,"installed":true,"version":"3.13.1","resolution":"D:\\hackathon\\hacked\\hacked-Project\\edu_functions\\functions\\node_modules\\firebase-functions\\lib\\index.js"} {"metadata":{"emulator":{"name":"functions"},"message":"[runtime-status] [17740] Resolved module firebase-functions {\"declared\":true,\"installed\":true,\"version\":\"3.13.1\",\"resolution\":\"D:\\\\hackathon\\\\hacked\\\\hacked-Project\\\\edu_functions\\\\functions\\\\node_modules\\\\firebase-functions\\\\lib\\\\index.js\"}"}}
[debug] [2021-02-03T07:18:25.996Z] [runtime-status] [17740] Resolved module firebase-functions {"declared":true,"installed":true,"version":"3.13.1","resolution":"D:\\hackathon\\hacked\\hacked-Project\\edu_functions\\functions\\node_modules\\firebase-functions\\lib\\index.js"} {"metadata":{"emulator":{"name":"functions"},"message":"[runtime-status] [17740] Resolved module firebase-functions {\"declared\":true,\"installed\":true,\"version\":\"3.13.1\",\"resolution\":\"D:\\\\hackathon\\\\hacked\\\\hacked-Project\\\\edu_functions\\\\functions\\\\node_modules\\\\firebase-functions\\\\lib\\\\index.js\"}"}}
[debug] [2021-02-03T07:18:25.997Z] [runtime-status] [17740] Outgoing network have been stubbed. [{"name":"http","status":"mocked"},{"name":"http","status":"mocked"},{"name":"https","status":"mocked"},{"name":"https","status":"mocked"},{"name":"net","status":"mocked"}] {"metadata":{"emulator":{"name":"functions"},"message":"[runtime-status] [17740] Outgoing network have been stubbed. [{\"name\":\"http\",\"status\":\"mocked\"},{\"name\":\"http\",\"status\":\"mocked\"},{\"name\":\"https\",\"status\":\"mocked\"},{\"name\":\"https\",\"status\":\"mocked\"},{\"name\":\"net\",\"status\":\"mocked\"}]"}}
[debug] [2021-02-03T07:18:25.998Z] [runtime-status] [17740] Resolved module firebase-functions {"declared":true,"installed":true,"version":"3.13.1","resolution":"D:\\hackathon\\hacked\\hacked-Project\\edu_functions\\functions\\node_modules\\firebase-functions\\lib\\index.js"} {"metadata":{"emulator":{"name":"functions"},"message":"[runtime-status] [17740] Resolved module firebase-functions {\"declared\":true,\"installed\":true,\"version\":\"3.13.1\",\"resolution\":\"D:\\\\hackathon\\\\hacked\\\\hacked-Project\\\\edu_functions\\\\functions\\\\node_modules\\\\firebase-functions\\\\lib\\\\index.js\"}"}}
[debug] [2021-02-03T07:18:26.034Z] [runtime-status] [17740] Checked functions.config() {"config":{}} {"metadata":{"emulator":{"name":"functions"},"message":"[runtime-status] [17740] Checked functions.config() {\"config\":{}}"}}
[debug] [2021-02-03T07:18:26.034Z] [runtime-status] [17740] firebase-functions has been stubbed. {"functionsResolution":{"declared":true,"installed":true,"version":"3.13.1","resolution":"D:\\hackathon\\hacked\\hacked-Project\\edu_functions\\functions\\node_modules\\firebase-functions\\lib\\index.js"}} {"metadata":{"emulator":{"name":"functions"},"message":"[runtime-status] [17740] firebase-functions has been stubbed. {\"functionsResolution\":{\"declared\":true,\"installed\":true,\"version\":\"3.13.1\",\"resolution\":\"D:\\\\hackathon\\\\hacked\\\\hacked-Project\\\\edu_functions\\\\functions\\\\node_modules\\\\firebase-functions\\\\lib\\\\index.js\"}}"}}
[debug] [2021-02-03T07:18:26.034Z] [runtime-status] [17740] Resolved module firebase-functions {"declared":true,"installed":true,"version":"3.13.1","resolution":"D:\\hackathon\\hacked\\hacked-Project\\edu_functions\\functions\\node_modules\\firebase-functions\\lib\\index.js"} {"metadata":{"emulator":{"name":"functions"},"message":"[runtime-status] [17740] Resolved module firebase-functions {\"declared\":true,\"installed\":true,\"version\":\"3.13.1\",\"resolution\":\"D:\\\\hackathon\\\\hacked\\\\hacked-Project\\\\edu_functions\\\\functions\\\\node_modules\\\\firebase-functions\\\\lib\\\\index.js\"}"}}
[debug] [2021-02-03T07:18:26.035Z] [runtime-status] [17740] Resolved module firebase-admin {"declared":true,"installed":true,"version":"9.4.2","resolution":"D:\\hackathon\\hacked\\hacked-Project\\edu_functions\\functions\\node_modules\\firebase-admin\\lib\\index.js"} {"metadata":{"emulator":{"name":"functions"},"message":"[runtime-status] [17740] Resolved module firebase-admin {\"declared\":true,\"installed\":true,\"version\":\"9.4.2\",\"resolution\":\"D:\\\\hackathon\\\\hacked\\\\hacked-Project\\\\edu_functions\\\\functions\\\\node_modules\\\\firebase-admin\\\\lib\\\\index.js\"}"}}
[debug] [2021-02-03T07:18:26.036Z] [runtime-status] [17740] Resolved module firebase-functions {"declared":true,"installed":true,"version":"3.13.1","resolution":"D:\\hackathon\\hacked\\hacked-Project\\edu_functions\\functions\\node_modules\\firebase-functions\\lib\\index.js"} {"metadata":{"emulator":{"name":"functions"},"message":"[runtime-status] [17740] Resolved module firebase-functions {\"declared\":true,\"installed\":true,\"version\":\"3.13.1\",\"resolution\":\"D:\\\\hackathon\\\\hacked\\\\hacked-Project\\\\edu_functions\\\\functions\\\\node_modules\\\\firebase-functions\\\\lib\\\\index.js\"}"}}
[debug] [2021-02-03T07:18:26.036Z] [runtime-status] [17740] firebase-admin has been stubbed. {"adminResolution":{"declared":true,"installed":true,"version":"9.4.2","resolution":"D:\\hackathon\\hacked\\hacked-Project\\edu_functions\\functions\\node_modules\\firebase-admin\\lib\\index.js"}} {"metadata":{"emulator":{"name":"functions"},"message":"[runtime-status] [17740] firebase-admin has been stubbed. {\"adminResolution\":{\"declared\":true,\"installed\":true,\"version\":\"9.4.2\",\"resolution\":\"D:\\\\hackathon\\\\hacked\\\\hacked-Project\\\\edu_functions\\\\functions\\\\node_modules\\\\firebase-admin\\\\lib\\\\index.js\"}}"}}
[debug] [2021-02-03T07:18:26.039Z] [runtime-status] [17740] initializeApp(DEFAULT) {"storageBucket":"interndemo-25232.appspot.com","databaseURL":"https://interndemo-25232.firebaseio.com","projectId":"interndemo-25232"} {"metadata":{"emulator":{"name":"functions"},"message":"[runtime-status] [17740] initializeApp(DEFAULT) {\"storageBucket\":\"interndemo-25232.appspot.com\",\"databaseURL\":\"https://interndemo-25232.firebaseio.com\",\"projectId\":\"interndemo-25232\"}"}}
[warn] !  functions: The Cloud Firestore emulator is not running, so calls to Firestore will affect production. {"metadata":{"emulator":{"name":"functions"},"message":"The Cloud Firestore emulator is not running, so calls to Firestore will affect production."}}
[info] +  functions[api]: http function initialized (http://localhost:5001/interndemo-25232/us-central1/api). {"metadata":{"emulator":{"name":"functions"},"message":"\u001b[1mhttp\u001b[22m function initialized (http://localhost:5001/interndemo-25232/us-central1/api)."}}
[info] 
┌─────────────────────────────────────────────────────────────┐
│ ✔  All emulators ready! It is now safe to connect your app. │
│ i  View Emulator UI at http://localhost:4000                │
└─────────────────────────────────────────────────────────────┘

┌───────────┬────────────────┬─────────────────────────────────┐
│ Emulator  │ Host:Port      │ View in Emulator UI             │
├───────────┼────────────────┼─────────────────────────────────┤
│ Functions │ localhost:5001 │ http://localhost:4000/functions │
└───────────┴────────────────┴─────────────────────────────────┘
  Emulator Hub running at localhost:4400
  Other reserved ports: 4500

Issues? Report them at https://github.com/firebase/firebase-tools/issues and attach the *-debug.log files.
 
[debug] [2021-02-03T07:18:26.353Z] [worker-~diagnostic~-5baca961-62c2-43ba-b8c9-9c688876f3d4]: IDLE {"metadata":{"emulator":{"name":"functions"},"message":"[worker-~diagnostic~-5baca961-62c2-43ba-b8c9-9c688876f3d4]: IDLE"}}
[debug] [2021-02-03T07:29:13.181Z] [work-queue] {"queueLength":1,"workRunningCount":0}
[debug] [2021-02-03T07:29:13.181Z] [work-queue] {"queueLength":0,"workRunningCount":1}
[debug] [2021-02-03T07:29:13.181Z] Accepted request OPTIONS /interndemo-25232/us-central1/api/login --> api
[debug] [2021-02-03T07:29:13.189Z] [worker-pool] addWorker(api) {"metadata":{"emulator":{"name":"functions"},"message":"[worker-pool] addWorker(api)"}}
[debug] [2021-02-03T07:29:13.190Z] [worker-pool] Adding worker with key api, total=1 {"metadata":{"emulator":{"name":"functions"},"message":"[worker-pool] Adding worker with key api, total=1"}}
[debug] [2021-02-03T07:29:13.190Z] [worker-pool] submitWork(triggerId=api) {"metadata":{"emulator":{"name":"functions"},"message":"[worker-pool] submitWork(triggerId=api)"}}
[debug] [2021-02-03T07:29:13.190Z] [worker-api-8a59f9f1-0dc2-42f1-8ff0-a508b6ec01da]: Assigning socketPath: \\?\pipe\D:\hackathon\hacked\hacked-Project\edu_functions\functions\19216 {"metadata":{"emulator":{"name":"functions"},"message":"[worker-api-8a59f9f1-0dc2-42f1-8ff0-a508b6ec01da]: Assigning socketPath: \\\\?\\pipe\\D:\\hackathon\\hacked\\hacked-Project\\edu_functions\\functions\\19216"}}
[debug] [2021-02-03T07:29:13.190Z] [worker-api-8a59f9f1-0dc2-42f1-8ff0-a508b6ec01da]: BUSY {"metadata":{"emulator":{"name":"functions"},"message":"[worker-api-8a59f9f1-0dc2-42f1-8ff0-a508b6ec01da]: BUSY"}}
[debug] [2021-02-03T07:29:13.360Z] [runtime-status] [19216] Functions runtime initialized. {"cwd":"D:\\hackathon\\hacked\\hacked-Project\\edu_functions\\functions","node_version":"12.10.0"} {"metadata":{"emulator":{"name":"functions"},"function":{"name":"api"},"message":"[runtime-status] [19216] Functions runtime initialized. {\"cwd\":\"D:\\\\hackathon\\\\hacked\\\\hacked-Project\\\\edu_functions\\\\functions\",\"node_version\":\"12.10.0\"}"}}
[debug] [2021-02-03T07:29:13.362Z] [runtime-status] [19216] Disabled runtime features: undefined {"metadata":{"emulator":{"name":"functions"},"function":{"name":"api"},"message":"[runtime-status] [19216] Disabled runtime features: undefined"}}
[debug] [2021-02-03T07:29:13.365Z] [runtime-status] [19216] Resolved module firebase-admin {"declared":true,"installed":true,"version":"9.4.2","resolution":"D:\\hackathon\\hacked\\hacked-Project\\edu_functions\\functions\\node_modules\\firebase-admin\\lib\\index.js"} {"metadata":{"emulator":{"name":"functions"},"function":{"name":"api"},"message":"[runtime-status] [19216] Resolved module firebase-admin {\"declared\":true,\"installed\":true,\"version\":\"9.4.2\",\"resolution\":\"D:\\\\hackathon\\\\hacked\\\\hacked-Project\\\\edu_functions\\\\functions\\\\node_modules\\\\firebase-admin\\\\lib\\\\index.js\"}"}}
[debug] [2021-02-03T07:29:13.366Z] [runtime-status] [19216] Resolved module firebase-functions {"declared":true,"installed":true,"version":"3.13.1","resolution":"D:\\hackathon\\hacked\\hacked-Project\\edu_functions\\functions\\node_modules\\firebase-functions\\lib\\index.js"} {"metadata":{"emulator":{"name":"functions"},"function":{"name":"api"},"message":"[runtime-status] [19216] Resolved module firebase-functions {\"declared\":true,\"installed\":true,\"version\":\"3.13.1\",\"resolution\":\"D:\\\\hackathon\\\\hacked\\\\hacked-Project\\\\edu_functions\\\\functions\\\\node_modules\\\\firebase-functions\\\\lib\\\\index.js\"}"}}
[debug] [2021-02-03T07:29:13.367Z] [runtime-status] [19216] Resolved module firebase-functions {"declared":true,"installed":true,"version":"3.13.1","resolution":"D:\\hackathon\\hacked\\hacked-Project\\edu_functions\\functions\\node_modules\\firebase-functions\\lib\\index.js"} {"metadata":{"emulator":{"name":"functions"},"function":{"name":"api"},"message":"[runtime-status] [19216] Resolved module firebase-functions {\"declared\":true,\"installed\":true,\"version\":\"3.13.1\",\"resolution\":\"D:\\\\hackathon\\\\hacked\\\\hacked-Project\\\\edu_functions\\\\functions\\\\node_modules\\\\firebase-functions\\\\lib\\\\index.js\"}"}}
[debug] [2021-02-03T07:29:13.368Z] [runtime-status] [19216] Outgoing network have been stubbed. [{"name":"http","status":"mocked"},{"name":"http","status":"mocked"},{"name":"https","status":"mocked"},{"name":"https","status":"mocked"},{"name":"net","status":"mocked"}] {"metadata":{"emulator":{"name":"functions"},"function":{"name":"api"},"message":"[runtime-status] [19216] Outgoing network have been stubbed. [{\"name\":\"http\",\"status\":\"mocked\"},{\"name\":\"http\",\"status\":\"mocked\"},{\"name\":\"https\",\"status\":\"mocked\"},{\"name\":\"https\",\"status\":\"mocked\"},{\"name\":\"net\",\"status\":\"mocked\"}]"}}
[debug] [2021-02-03T07:29:13.369Z] [runtime-status] [19216] Resolved module firebase-functions {"declared":true,"installed":true,"version":"3.13.1","resolution":"D:\\hackathon\\hacked\\hacked-Project\\edu_functions\\functions\\node_modules\\firebase-functions\\lib\\index.js"} {"metadata":{"emulator":{"name":"functions"},"function":{"name":"api"},"message":"[runtime-status] [19216] Resolved module firebase-functions {\"declared\":true,\"installed\":true,\"version\":\"3.13.1\",\"resolution\":\"D:\\\\hackathon\\\\hacked\\\\hacked-Project\\\\edu_functions\\\\functions\\\\node_modules\\\\firebase-functions\\\\lib\\\\index.js\"}"}}
[debug] [2021-02-03T07:29:13.406Z] [runtime-status] [19216] Checked functions.config() {"config":{}} {"metadata":{"emulator":{"name":"functions"},"function":{"name":"api"},"message":"[runtime-status] [19216] Checked functions.config() {\"config\":{}}"}}
[debug] [2021-02-03T07:29:13.406Z] [runtime-status] [19216] firebase-functions has been stubbed. {"functionsResolution":{"declared":true,"installed":true,"version":"3.13.1","resolution":"D:\\hackathon\\hacked\\hacked-Project\\edu_functions\\functions\\node_modules\\firebase-functions\\lib\\index.js"}} {"metadata":{"emulator":{"name":"functions"},"function":{"name":"api"},"message":"[runtime-status] [19216] firebase-functions has been stubbed. {\"functionsResolution\":{\"declared\":true,\"installed\":true,\"version\":\"3.13.1\",\"resolution\":\"D:\\\\hackathon\\\\hacked\\\\hacked-Project\\\\edu_functions\\\\functions\\\\node_modules\\\\firebase-functions\\\\lib\\\\index.js\"}}"}}
[debug] [2021-02-03T07:29:13.406Z] [runtime-status] [19216] Resolved module firebase-functions {"declared":true,"installed":true,"version":"3.13.1","resolution":"D:\\hackathon\\hacked\\hacked-Project\\edu_functions\\functions\\node_modules\\firebase-functions\\lib\\index.js"} {"metadata":{"emulator":{"name":"functions"},"function":{"name":"api"},"message":"[runtime-status] [19216] Resolved module firebase-functions {\"declared\":true,\"installed\":true,\"version\":\"3.13.1\",\"resolution\":\"D:\\\\hackathon\\\\hacked\\\\hacked-Project\\\\edu_functions\\\\functions\\\\node_modules\\\\firebase-functions\\\\lib\\\\index.js\"}"}}
[debug] [2021-02-03T07:29:13.407Z] [runtime-status] [19216] Resolved module firebase-admin {"declared":true,"installed":true,"version":"9.4.2","resolution":"D:\\hackathon\\hacked\\hacked-Project\\edu_functions\\functions\\node_modules\\firebase-admin\\lib\\index.js"} {"metadata":{"emulator":{"name":"functions"},"function":{"name":"api"},"message":"[runtime-status] [19216] Resolved module firebase-admin {\"declared\":true,\"installed\":true,\"version\":\"9.4.2\",\"resolution\":\"D:\\\\hackathon\\\\hacked\\\\hacked-Project\\\\edu_functions\\\\functions\\\\node_modules\\\\firebase-admin\\\\lib\\\\index.js\"}"}}
[debug] [2021-02-03T07:29:13.408Z] [runtime-status] [19216] Resolved module firebase-functions {"declared":true,"installed":true,"version":"3.13.1","resolution":"D:\\hackathon\\hacked\\hacked-Project\\edu_functions\\functions\\node_modules\\firebase-functions\\lib\\index.js"} {"metadata":{"emulator":{"name":"functions"},"function":{"name":"api"},"message":"[runtime-status] [19216] Resolved module firebase-functions {\"declared\":true,\"installed\":true,\"version\":\"3.13.1\",\"resolution\":\"D:\\\\hackathon\\\\hacked\\\\hacked-Project\\\\edu_functions\\\\functions\\\\node_modules\\\\firebase-functions\\\\lib\\\\index.js\"}"}}
[debug] [2021-02-03T07:29:13.408Z] [runtime-status] [19216] firebase-admin has been stubbed. {"adminResolution":{"declared":true,"installed":true,"version":"9.4.2","resolution":"D:\\hackathon\\hacked\\hacked-Project\\edu_functions\\functions\\node_modules\\firebase-admin\\lib\\index.js"}} {"metadata":{"emulator":{"name":"functions"},"function":{"name":"api"},"message":"[runtime-status] [19216] firebase-admin has been stubbed. {\"adminResolution\":{\"declared\":true,\"installed\":true,\"version\":\"9.4.2\",\"resolution\":\"D:\\\\hackathon\\\\hacked\\\\hacked-Project\\\\edu_functions\\\\functions\\\\node_modules\\\\firebase-admin\\\\lib\\\\index.js\"}}"}}
[debug] [2021-02-03T07:29:13.411Z] [runtime-status] [19216] initializeApp(DEFAULT) {"storageBucket":"interndemo-25232.appspot.com","databaseURL":"https://interndemo-25232.firebaseio.com","projectId":"interndemo-25232"} {"metadata":{"emulator":{"name":"functions"},"function":{"name":"api"},"message":"[runtime-status] [19216] initializeApp(DEFAULT) {\"storageBucket\":\"interndemo-25232.appspot.com\",\"databaseURL\":\"https://interndemo-25232.firebaseio.com\",\"projectId\":\"interndemo-25232\"}"}}
[debug] [2021-02-03T07:29:13.735Z] [runtime-status] [19216] Trigger "api" has been found, beginning invocation! {"metadata":{"emulator":{"name":"functions"},"function":{"name":"api"},"message":"[runtime-status] [19216] Trigger \"api\" has been found, beginning invocation!"}}
[info] i  functions: Beginning execution of "api" {"metadata":{"emulator":{"name":"functions"},"function":{"name":"api"},"message":"Beginning execution of \"api\""}}
